TN:
SF:src/modules/dealsIntegration/useCases/getDealsWithProductFromPipeDrivesUseCase.ts
FN:10,(anonymous_12)
FN:16,(anonymous_13)
FN:24,(anonymous_15)
FN:24,(anonymous_16)
FNF:4
FNH:4
FNDA:1,(anonymous_12)
FNDA:1,(anonymous_13)
FNDA:1,(anonymous_15)
FNDA:1,(anonymous_16)
DA:1,1
DA:2,1
DA:4,1
DA:5,1
DA:9,1
DA:12,1
DA:18,1
DA:19,1
DA:24,1
DA:25,1
DA:30,1
DA:37,1
DA:41,1
LF:13
LH:13
BRDA:32,0,0,1
BRDA:32,0,1,0
BRF:2
BRH:1
end_of_record
TN:
SF:src/modules/dealsIntegration/useCases/integrateDealUseCase.ts
FN:8,(anonymous_12)
FN:17,(anonymous_13)
FNF:2
FNH:0
FNDA:0,(anonymous_12)
FNDA:0,(anonymous_13)
DA:1,0
DA:2,0
DA:3,0
DA:7,0
DA:10,0
DA:12,0
DA:19,0
DA:20,0
DA:21,0
DA:22,0
DA:30,0
DA:36,0
LF:12
LH:0
BRF:0
BRH:0
end_of_record
TN:
SF:src/modules/dealsIntegration/useCases/sendNewDealToBlingUseCase.ts
FN:10,(anonymous_12)
FN:18,(anonymous_13)
FN:20,(anonymous_15)
FN:21,(anonymous_16)
FN:44,(anonymous_17)
FN:44,(anonymous_18)
FNF:6
FNH:0
FNDA:0,(anonymous_12)
FNDA:0,(anonymous_13)
FNDA:0,(anonymous_15)
FNDA:0,(anonymous_16)
FNDA:0,(anonymous_17)
FNDA:0,(anonymous_18)
DA:1,0
DA:2,0
DA:6,0
DA:9,0
DA:12,0
DA:14,0
DA:19,0
DA:20,0
DA:21,0
DA:22,0
DA:33,0
DA:40,0
DA:43,0
DA:44,0
DA:45,0
DA:46,0
DA:47,0
DA:48,0
DA:61,0
DA:67,0
LF:20
LH:0
BRF:0
BRH:0
end_of_record
